[0831/164401.192:ERROR:process_reader_win.cc(123)] NtOpenThread: {Access Denied} A process has requested access to an object, but has not been granted those access rights. (0xc0000022)
[0831/164401.193:ERROR:exception_snapshot_win.cc(98)] thread ID 27052 not found in process
[0831/164401.239:ERROR:process_reader_win.cc(123)] NtOpenThread: {Access Denied} A process has requested access to an object, but has not been granted those access rights. (0xc0000022)
[0831/164401.240:ERROR:exception_snapshot_win.cc(98)] thread ID 19572 not found in process
[0831/164843.288:ERROR:process_reader_win.cc(123)] NtOpenThread: {Access Denied} A process has requested access to an object, but has not been granted those access rights. (0xc0000022)
[0831/164843.290:ERROR:exception_snapshot_win.cc(98)] thread ID 2564 not found in process
[0831/164843.446:ERROR:process_reader_win.cc(123)] NtOpenThread: {Access Denied} A process has requested access to an object, but has not been granted those access rights. (0xc0000022)
[0831/164843.446:ERROR:exception_snapshot_win.cc(98)] thread ID 28024 not found in process
[0831/164843.513:ERROR:process_reader_win.cc(151)] SuspendThread: Access is denied. (0x5)
[0831/164843.513:ERROR:process_reader_win.cc(151)] SuspendThread: Access is denied. (0x5)
[0831/164843.513:ERROR:process_reader_win.cc(123)] NtOpenThread: {Access Denied} A process has requested access to an object, but has not been granted those access rights. (0xc0000022)
[0831/164843.514:ERROR:exception_snapshot_win.cc(98)] thread ID 27800 not found in process
[0831/165016.918:ERROR:process_reader_win.cc(123)] NtOpenThread: {Access Denied} A process has requested access to an object, but has not been granted those access rights. (0xc0000022)
[0831/165016.919:ERROR:exception_snapshot_win.cc(98)] thread ID 23128 not found in process
[0831/165017.029:ERROR:process_reader_win.cc(123)] NtOpenThread: {Access Denied} A process has requested access to an object, but has not been granted those access rights. (0xc0000022)
[0831/165017.029:ERROR:exception_snapshot_win.cc(98)] thread ID 6400 not found in process
[0831/165017.092:ERROR:process_reader_win.cc(151)] SuspendThread: Access is denied. (0x5)
[0831/165017.092:ERROR:process_reader_win.cc(151)] SuspendThread: Access is denied. (0x5)
[0831/165017.092:ERROR:process_reader_win.cc(123)] NtOpenThread: {Access Denied} A process has requested access to an object, but has not been granted those access rights. (0xc0000022)
[0831/165017.092:ERROR:exception_snapshot_win.cc(98)] thread ID 15576 not found in process
[0831/165245.970:ERROR:process_reader_win.cc(123)] NtOpenThread: {Access Denied} A process has requested access to an object, but has not been granted those access rights. (0xc0000022)
[0831/165245.970:ERROR:exception_snapshot_win.cc(98)] thread ID 17356 not found in process
[0831/165246.069:ERROR:process_reader_win.cc(123)] NtOpenThread: {Access Denied} A process has requested access to an object, but has not been granted those access rights. (0xc0000022)
[0831/165246.069:ERROR:exception_snapshot_win.cc(98)] thread ID 6668 not found in process
[0831/165324.367:ERROR:process_reader_win.cc(123)] NtOpenThread: {Access Denied} A process has requested access to an object, but has not been granted those access rights. (0xc0000022)
[0831/165324.369:ERROR:exception_snapshot_win.cc(98)] thread ID 20952 not found in process
[0831/165324.431:ERROR:process_reader_win.cc(123)] NtOpenThread: {Access Denied} A process has requested access to an object, but has not been granted those access rights. (0xc0000022)
[0831/165324.431:ERROR:exception_snapshot_win.cc(98)] thread ID 19668 not found in process
[0831/165354.018:ERROR:process_reader_win.cc(123)] NtOpenThread: {Access Denied} A process has requested access to an object, but has not been granted those access rights. (0xc0000022)
[0831/165354.019:ERROR:exception_snapshot_win.cc(98)] thread ID 15604 not found in process
[0831/165354.084:ERROR:process_reader_win.cc(123)] NtOpenThread: {Access Denied} A process has requested access to an object, but has not been granted those access rights. (0xc0000022)
[0831/165354.085:ERROR:exception_snapshot_win.cc(98)] thread ID 21124 not found in process
[0831/165547.497:ERROR:process_reader_win.cc(123)] NtOpenThread: {Access Denied} A process has requested access to an object, but has not been granted those access rights. (0xc0000022)
[0831/165547.498:ERROR:exception_snapshot_win.cc(98)] thread ID 27052 not found in process
[0831/165547.550:ERROR:process_reader_win.cc(123)] NtOpenThread: {Access Denied} A process has requested access to an object, but has not been granted those access rights. (0xc0000022)
[0831/165547.550:ERROR:exception_snapshot_win.cc(98)] thread ID 6764 not found in process
[0831/165725.771:ERROR:process_reader_win.cc(151)] SuspendThread: Access is denied. (0x5)
[0831/165725.774:ERROR:process_reader_win.cc(151)] SuspendThread: Access is denied. (0x5)
[0831/165725.774:ERROR:process_reader_win.cc(123)] NtOpenThread: {Access Denied} A process has requested access to an object, but has not been granted those access rights. (0xc0000022)
[0831/165725.775:ERROR:exception_snapshot_win.cc(98)] thread ID 28780 not found in process
[0831/165725.921:ERROR:process_reader_win.cc(151)] SuspendThread: Access is denied. (0x5)
[0831/165725.921:ERROR:process_reader_win.cc(151)] SuspendThread: Access is denied. (0x5)
[0831/165725.921:ERROR:process_reader_win.cc(151)] SuspendThread: Access is denied. (0x5)
[0831/165725.922:ERROR:process_reader_win.cc(151)] SuspendThread: Access is denied. (0x5)
[0831/165725.922:ERROR:process_reader_win.cc(151)] SuspendThread: Access is denied. (0x5)
[0831/165725.922:ERROR:process_reader_win.cc(123)] NtOpenThread: {Access Denied} A process has requested access to an object, but has not been granted those access rights. (0xc0000022)
[0831/165725.922:ERROR:exception_snapshot_win.cc(98)] thread ID 28760 not found in process
[0831/165801.204:ERROR:process_reader_win.cc(123)] NtOpenThread: {Access Denied} A process has requested access to an object, but has not been granted those access rights. (0xc0000022)
[0831/165801.205:ERROR:exception_snapshot_win.cc(98)] thread ID 20112 not found in process
[0831/165801.252:ERROR:process_reader_win.cc(123)] NtOpenThread: {Access Denied} A process has requested access to an object, but has not been granted those access rights. (0xc0000022)
[0831/165801.252:ERROR:exception_snapshot_win.cc(98)] thread ID 16536 not found in process
[0831/165918.651:ERROR:process_reader_win.cc(151)] SuspendThread: Access is denied. (0x5)
[0831/165918.659:ERROR:process_reader_win.cc(151)] SuspendThread: Access is denied. (0x5)
[0831/165918.659:ERROR:process_reader_win.cc(151)] SuspendThread: Access is denied. (0x5)
[0831/165918.659:ERROR:process_reader_win.cc(151)] SuspendThread: Access is denied. (0x5)
[0831/165918.659:ERROR:process_reader_win.cc(151)] SuspendThread: Access is denied. (0x5)
[0831/165918.660:ERROR:process_reader_win.cc(151)] SuspendThread: Access is denied. (0x5)
[0831/165918.660:ERROR:process_reader_win.cc(151)] SuspendThread: Access is denied. (0x5)
[0831/165918.660:ERROR:process_reader_win.cc(151)] SuspendThread: Access is denied. (0x5)
[0831/165918.660:ERROR:process_reader_win.cc(151)] SuspendThread: Access is denied. (0x5)
[0831/165918.660:ERROR:process_reader_win.cc(151)] SuspendThread: Access is denied. (0x5)
[0831/165918.660:ERROR:process_reader_win.cc(151)] SuspendThread: Access is denied. (0x5)
[0831/165918.660:ERROR:process_reader_win.cc(123)] NtOpenThread: {Access Denied} A process has requested access to an object, but has not been granted those access rights. (0xc0000022)
[0831/165918.662:ERROR:exception_snapshot_win.cc(98)] thread ID 27644 not found in process
[0831/165918.753:ERROR:process_reader_win.cc(151)] SuspendThread: Access is denied. (0x5)
[0831/165918.754:ERROR:process_reader_win.cc(151)] SuspendThread: Access is denied. (0x5)
[0831/165918.754:ERROR:process_reader_win.cc(123)] NtOpenThread: {Access Denied} A process has requested access to an object, but has not been granted those access rights. (0xc0000022)
[0831/165918.754:ERROR:exception_snapshot_win.cc(98)] thread ID 19684 not found in process
[0831/170040.943:ERROR:process_reader_win.cc(123)] NtOpenThread: {Access Denied} A process has requested access to an object, but has not been granted those access rights. (0xc0000022)
[0831/170040.947:ERROR:exception_snapshot_win.cc(98)] thread ID 28128 not found in process
[0831/170041.031:ERROR:process_reader_win.cc(123)] NtOpenThread: {Access Denied} A process has requested access to an object, but has not been granted those access rights. (0xc0000022)
[0831/170041.031:ERROR:exception_snapshot_win.cc(98)] thread ID 15116 not found in process
[0831/170118.602:ERROR:process_reader_win.cc(151)] SuspendThread: Access is denied. (0x5)
[0831/170118.603:ERROR:process_reader_win.cc(123)] NtOpenThread: {Access Denied} A process has requested access to an object, but has not been granted those access rights. (0xc0000022)
[0831/170118.603:ERROR:exception_snapshot_win.cc(98)] thread ID 29092 not found in process
[0831/170118.639:ERROR:process_reader_win.cc(151)] SuspendThread: Access is denied. (0x5)
[0831/170118.639:ERROR:process_reader_win.cc(151)] SuspendThread: Access is denied. (0x5)
[0831/170118.639:ERROR:process_reader_win.cc(123)] NtOpenThread: {Access Denied} A process has requested access to an object, but has not been granted those access rights. (0xc0000022)
[0831/170118.639:ERROR:exception_snapshot_win.cc(98)] thread ID 13964 not found in process
[0831/170118.694:ERROR:process_reader_win.cc(151)] SuspendThread: Access is denied. (0x5)
[0831/170118.694:ERROR:process_reader_win.cc(151)] SuspendThread: Access is denied. (0x5)
[0831/170118.694:ERROR:process_reader_win.cc(123)] NtOpenThread: {Access Denied} A process has requested access to an object, but has not been granted those access rights. (0xc0000022)
[0831/170118.694:ERROR:exception_snapshot_win.cc(98)] thread ID 29484 not found in process
[0831/170118.861:ERROR:process_reader_win.cc(151)] SuspendThread: Access is denied. (0x5)
[0831/170118.861:ERROR:exception_snapshot_win.cc(98)] thread ID 29668 not found in process
[0831/170118.861:ERROR:scoped_process_suspend.cc(40)] NtResumeProcess: An attempt was made to access an exiting process. (0xc000010a)
[0831/170231.104:ERROR:process_reader_win.cc(123)] NtOpenThread: {Access Denied} A process has requested access to an object, but has not been granted those access rights. (0xc0000022)
[0831/170231.106:ERROR:exception_snapshot_win.cc(98)] thread ID 15108 not found in process
[0831/170231.238:ERROR:process_reader_win.cc(123)] NtOpenThread: {Access Denied} A process has requested access to an object, but has not been granted those access rights. (0xc0000022)
[0831/170231.238:ERROR:exception_snapshot_win.cc(98)] thread ID 19592 not found in process
[0831/170408.680:ERROR:process_reader_win.cc(151)] SuspendThread: Access is denied. (0x5)
[0831/170408.681:ERROR:process_reader_win.cc(151)] SuspendThread: Access is denied. (0x5)
[0831/170408.681:ERROR:process_reader_win.cc(151)] SuspendThread: Access is denied. (0x5)
[0831/170408.681:ERROR:process_reader_win.cc(123)] NtOpenThread: {Access Denied} A process has requested access to an object, but has not been granted those access rights. (0xc0000022)
[0831/170408.682:ERROR:exception_snapshot_win.cc(98)] thread ID 7112 not found in process
[0831/170408.721:ERROR:process_reader_win.cc(151)] SuspendThread: Access is denied. (0x5)
[0831/170408.721:ERROR:process_reader_win.cc(151)] SuspendThread: Access is denied. (0x5)
[0831/170408.721:ERROR:process_reader_win.cc(151)] SuspendThread: Access is denied. (0x5)
[0831/170408.721:ERROR:process_reader_win.cc(151)] SuspendThread: Access is denied. (0x5)
[0831/170408.721:ERROR:process_reader_win.cc(151)] SuspendThread: Access is denied. (0x5)
[0831/170408.721:ERROR:process_reader_win.cc(151)] SuspendThread: Access is denied. (0x5)
[0831/170408.722:ERROR:process_reader_win.cc(151)] SuspendThread: Access is denied. (0x5)
[0831/170408.722:ERROR:process_reader_win.cc(151)] SuspendThread: Access is denied. (0x5)
[0831/170408.722:ERROR:process_reader_win.cc(151)] SuspendThread: Access is denied. (0x5)
[0831/170408.722:ERROR:process_reader_win.cc(151)] SuspendThread: Access is denied. (0x5)
[0831/170408.722:ERROR:process_reader_win.cc(151)] SuspendThread: Access is denied. (0x5)
[0831/170408.722:ERROR:process_reader_win.cc(123)] NtOpenThread: {Access Denied} A process has requested access to an object, but has not been granted those access rights. (0xc0000022)
[0831/170408.722:ERROR:exception_snapshot_win.cc(98)] thread ID 25144 not found in process
[0831/170408.798:ERROR:process_reader_win.cc(151)] SuspendThread: Access is denied. (0x5)
[0831/170408.798:ERROR:process_reader_win.cc(151)] SuspendThread: Access is denied. (0x5)
[0831/170408.799:ERROR:process_reader_win.cc(151)] SuspendThread: Access is denied. (0x5)
[0831/170408.799:ERROR:process_reader_win.cc(123)] NtOpenThread: {Access Denied} A process has requested access to an object, but has not been granted those access rights. (0xc0000022)
[0831/170408.799:ERROR:exception_snapshot_win.cc(98)] thread ID 24904 not found in process
[0831/170443.319:ERROR:process_reader_win.cc(151)] SuspendThread: Access is denied. (0x5)
[0831/170443.320:ERROR:process_reader_win.cc(151)] SuspendThread: Access is denied. (0x5)
[0831/170443.320:ERROR:process_reader_win.cc(123)] NtOpenThread: {Access Denied} A process has requested access to an object, but has not been granted those access rights. (0xc0000022)
[0831/170443.320:ERROR:exception_snapshot_win.cc(98)] thread ID 28764 not found in process
[0831/170443.377:ERROR:process_reader_win.cc(151)] SuspendThread: Access is denied. (0x5)
[0831/170443.377:ERROR:process_reader_win.cc(123)] NtOpenThread: {Access Denied} A process has requested access to an object, but has not been granted those access rights. (0xc0000022)
[0831/170443.377:ERROR:exception_snapshot_win.cc(98)] thread ID 23348 not found in process
[0831/170445.229:ERROR:process_reader_win.cc(123)] NtOpenThread: {Access Denied} A process has requested access to an object, but has not been granted those access rights. (0xc0000022)
[0831/170445.229:ERROR:exception_snapshot_win.cc(98)] thread ID 17472 not found in process
[0831/170520.348:ERROR:process_reader_win.cc(123)] NtOpenThread: {Access Denied} A process has requested access to an object, but has not been granted those access rights. (0xc0000022)
[0831/170520.349:ERROR:exception_snapshot_win.cc(98)] thread ID 24624 not found in process
[0831/170520.413:ERROR:process_reader_win.cc(123)] NtOpenThread: {Access Denied} A process has requested access to an object, but has not been granted those access rights. (0xc0000022)
[0831/170520.413:ERROR:exception_snapshot_win.cc(98)] thread ID 27240 not found in process
[0831/170556.164:ERROR:process_reader_win.cc(123)] NtOpenThread: {Access Denied} A process has requested access to an object, but has not been granted those access rights. (0xc0000022)
[0831/170556.165:ERROR:exception_snapshot_win.cc(98)] thread ID 14120 not found in process
[0831/170556.265:ERROR:process_reader_win.cc(123)] NtOpenThread: {Access Denied} A process has requested access to an object, but has not been granted those access rights. (0xc0000022)
[0831/170556.265:ERROR:exception_snapshot_win.cc(98)] thread ID 13940 not found in process
[0831/170639.340:ERROR:process_info.cc(329)] VirtualQueryEx: Access is denied. (0x5)
[0831/170639.341:ERROR:process_info.cc(556)] ReadMemoryInfo failed
[0831/170639.341:ERROR:scoped_process_suspend.cc(40)] NtResumeProcess: An attempt was made to access an exiting process. (0xc000010a)
[0831/171517.084:ERROR:process_reader_win.cc(151)] SuspendThread: Access is denied. (0x5)
[0831/171517.086:ERROR:process_reader_win.cc(123)] NtOpenThread: {Access Denied} A process has requested access to an object, but has not been granted those access rights. (0xc0000022)
[0831/171517.087:ERROR:exception_snapshot_win.cc(98)] thread ID 31028 not found in process
[0831/171517.118:ERROR:process_reader_win.cc(123)] NtOpenThread: {Access Denied} A process has requested access to an object, but has not been granted those access rights. (0xc0000022)
[0831/171517.119:ERROR:exception_snapshot_win.cc(98)] thread ID 29960 not found in process
[0831/171517.285:ERROR:process_reader_win.cc(123)] NtOpenThread: {Access Denied} A process has requested access to an object, but has not been granted those access rights. (0xc0000022)
[0831/171517.285:ERROR:exception_snapshot_win.cc(98)] thread ID 30944 not found in process
[0831/180634.301:ERROR:process_reader_win.cc(123)] NtOpenThread: {Access Denied} A process has requested access to an object, but has not been granted those access rights. (0xc0000022)
[0831/180634.303:ERROR:exception_snapshot_win.cc(98)] thread ID 23308 not found in process
[0831/180634.373:ERROR:process_reader_win.cc(123)] NtOpenThread: {Access Denied} A process has requested access to an object, but has not been granted those access rights. (0xc0000022)
[0831/180634.373:ERROR:exception_snapshot_win.cc(98)] thread ID 31456 not found in process
[0831/182448.475:ERROR:process_reader_win.cc(123)] NtOpenThread: {Access Denied} A process has requested access to an object, but has not been granted those access rights. (0xc0000022)
[0831/182448.476:ERROR:exception_snapshot_win.cc(98)] thread ID 28860 not found in process
[0831/182448.547:ERROR:process_reader_win.cc(123)] NtOpenThread: {Access Denied} A process has requested access to an object, but has not been granted those access rights. (0xc0000022)
[0831/182448.547:ERROR:exception_snapshot_win.cc(98)] thread ID 7756 not found in process
[0831/183004.814:ERROR:process_reader_win.cc(123)] NtOpenThread: {Access Denied} A process has requested access to an object, but has not been granted those access rights. (0xc0000022)
[0831/183004.815:ERROR:exception_snapshot_win.cc(98)] thread ID 32432 not found in process
[0831/183004.863:ERROR:process_reader_win.cc(123)] NtOpenThread: {Access Denied} A process has requested access to an object, but has not been granted those access rights. (0xc0000022)
[0831/183004.863:ERROR:exception_snapshot_win.cc(98)] thread ID 17796 not found in process
[0831/183112.637:ERROR:process_reader_win.cc(123)] NtOpenThread: {Access Denied} A process has requested access to an object, but has not been granted those access rights. (0xc0000022)
[0831/183112.638:ERROR:exception_snapshot_win.cc(98)] thread ID 31556 not found in process
[0831/183112.702:ERROR:process_reader_win.cc(123)] NtOpenThread: {Access Denied} A process has requested access to an object, but has not been granted those access rights. (0xc0000022)
[0831/183112.702:ERROR:exception_snapshot_win.cc(98)] thread ID 8592 not found in process
[0831/183515.863:ERROR:process_reader_win.cc(123)] NtOpenThread: {Access Denied} A process has requested access to an object, but has not been granted those access rights. (0xc0000022)
[0831/183515.865:ERROR:exception_snapshot_win.cc(98)] thread ID 29192 not found in process
[0831/183515.932:ERROR:process_reader_win.cc(123)] NtOpenThread: {Access Denied} A process has requested access to an object, but has not been granted those access rights. (0xc0000022)
[0831/183515.932:ERROR:exception_snapshot_win.cc(98)] thread ID 26884 not found in process
[0831/183516.948:ERROR:process_reader_win.cc(123)] NtOpenThread: {Access Denied} A process has requested access to an object, but has not been granted those access rights. (0xc0000022)
[0831/183516.952:ERROR:exception_snapshot_win.cc(98)] thread ID 32076 not found in process
[0831/183517.075:ERROR:process_reader_win.cc(123)] NtOpenThread: {Access Denied} A process has requested access to an object, but has not been granted those access rights. (0xc0000022)
[0831/183517.075:ERROR:exception_snapshot_win.cc(98)] thread ID 13064 not found in process
[0831/184346.273:ERROR:process_reader_win.cc(123)] NtOpenThread: {Access Denied} A process has requested access to an object, but has not been granted those access rights. (0xc0000022)
[0831/184346.277:ERROR:exception_snapshot_win.cc(98)] thread ID 28044 not found in process
[0831/184346.357:ERROR:process_reader_win.cc(123)] NtOpenThread: {Access Denied} A process has requested access to an object, but has not been granted those access rights. (0xc0000022)
[0831/184346.357:ERROR:exception_snapshot_win.cc(98)] thread ID 29588 not found in process
[0831/190550.846:ERROR:process_reader_win.cc(123)] NtOpenThread: {Access Denied} A process has requested access to an object, but has not been granted those access rights. (0xc0000022)
[0831/190550.847:ERROR:exception_snapshot_win.cc(98)] thread ID 17536 not found in process
[0831/190550.902:ERROR:process_reader_win.cc(123)] NtOpenThread: {Access Denied} A process has requested access to an object, but has not been granted those access rights. (0xc0000022)
[0831/190550.902:ERROR:exception_snapshot_win.cc(98)] thread ID 33040 not found in process
[0831/190550.967:ERROR:process_reader_win.cc(123)] NtOpenThread: {Access Denied} A process has requested access to an object, but has not been granted those access rights. (0xc0000022)
[0831/190550.967:ERROR:exception_snapshot_win.cc(98)] thread ID 34108 not found in process
[0831/190819.214:ERROR:process_reader_win.cc(123)] NtOpenThread: {Access Denied} A process has requested access to an object, but has not been granted those access rights. (0xc0000022)
[0831/190819.214:ERROR:exception_snapshot_win.cc(98)] thread ID 20456 not found in process
[0831/190819.358:ERROR:process_reader_win.cc(123)] NtOpenThread: {Access Denied} A process has requested access to an object, but has not been granted those access rights. (0xc0000022)
[0831/190819.358:ERROR:exception_snapshot_win.cc(98)] thread ID 28208 not found in process
[0831/190908.861:ERROR:process_reader_win.cc(123)] NtOpenThread: {Access Denied} A process has requested access to an object, but has not been granted those access rights. (0xc0000022)
[0831/190908.862:ERROR:exception_snapshot_win.cc(98)] thread ID 35632 not found in process
[0831/190908.917:ERROR:process_reader_win.cc(123)] NtOpenThread: {Access Denied} A process has requested access to an object, but has not been granted those access rights. (0xc0000022)
[0831/190908.917:ERROR:exception_snapshot_win.cc(98)] thread ID 35644 not found in process
[0831/191131.014:ERROR:process_reader_win.cc(123)] NtOpenThread: {Access Denied} A process has requested access to an object, but has not been granted those access rights. (0xc0000022)
[0831/191131.016:ERROR:exception_snapshot_win.cc(98)] thread ID 31316 not found in process
[0831/191131.230:ERROR:process_reader_win.cc(123)] NtOpenThread: {Access Denied} A process has requested access to an object, but has not been granted those access rights. (0xc0000022)
[0831/191131.233:ERROR:exception_snapshot_win.cc(98)] thread ID 23004 not found in process
[0831/191221.561:ERROR:process_reader_win.cc(123)] NtOpenThread: {Access Denied} A process has requested access to an object, but has not been granted those access rights. (0xc0000022)
[0831/191221.564:ERROR:exception_snapshot_win.cc(98)] thread ID 4312 not found in process
[0831/191221.621:ERROR:process_reader_win.cc(123)] NtOpenThread: {Access Denied} A process has requested access to an object, but has not been granted those access rights. (0xc0000022)
[0831/191221.621:ERROR:exception_snapshot_win.cc(98)] thread ID 14956 not found in process
[0831/191221.725:ERROR:process_reader_win.cc(151)] SuspendThread: Access is denied. (0x5)
[0831/191221.725:ERROR:process_reader_win.cc(151)] SuspendThread: Access is denied. (0x5)
[0831/191221.725:ERROR:process_reader_win.cc(151)] SuspendThread: Access is denied. (0x5)
[0831/191221.725:ERROR:process_reader_win.cc(123)] NtOpenThread: {Access Denied} A process has requested access to an object, but has not been granted those access rights. (0xc0000022)
[0831/191221.725:ERROR:exception_snapshot_win.cc(98)] thread ID 29792 not found in process
[0831/191335.461:ERROR:process_reader_win.cc(123)] NtOpenThread: {Access Denied} A process has requested access to an object, but has not been granted those access rights. (0xc0000022)
[0831/191335.461:ERROR:exception_snapshot_win.cc(98)] thread ID 12848 not found in process
[0831/191335.503:ERROR:process_reader_win.cc(123)] NtOpenThread: {Access Denied} A process has requested access to an object, but has not been granted those access rights. (0xc0000022)
[0831/191335.503:ERROR:exception_snapshot_win.cc(98)] thread ID 11604 not found in process
[0831/191624.914:ERROR:process_reader_win.cc(123)] NtOpenThread: {Access Denied} A process has requested access to an object, but has not been granted those access rights. (0xc0000022)
[0831/191624.915:ERROR:exception_snapshot_win.cc(98)] thread ID 18676 not found in process
[0831/191624.959:ERROR:process_reader_win.cc(123)] NtOpenThread: {Access Denied} A process has requested access to an object, but has not been granted those access rights. (0xc0000022)
[0831/191624.959:ERROR:exception_snapshot_win.cc(98)] thread ID 28860 not found in process
[0831/192151.038:ERROR:process_reader_win.cc(123)] NtOpenThread: {Access Denied} A process has requested access to an object, but has not been granted those access rights. (0xc0000022)
[0831/192151.041:ERROR:exception_snapshot_win.cc(98)] thread ID 3016 not found in process
[0831/192151.089:ERROR:process_reader_win.cc(123)] NtOpenThread: {Access Denied} A process has requested access to an object, but has not been granted those access rights. (0xc0000022)
[0831/192151.090:ERROR:exception_snapshot_win.cc(98)] thread ID 2772 not found in process
[0831/192843.154:ERROR:process_reader_win.cc(123)] NtOpenThread: {Access Denied} A process has requested access to an object, but has not been granted those access rights. (0xc0000022)
[0831/192843.159:ERROR:exception_snapshot_win.cc(98)] thread ID 27160 not found in process
[0831/192843.218:ERROR:process_reader_win.cc(123)] NtOpenThread: {Access Denied} A process has requested access to an object, but has not been granted those access rights. (0xc0000022)
[0831/192843.218:ERROR:exception_snapshot_win.cc(98)] thread ID 15344 not found in process
[0831/193357.402:ERROR:process_reader_win.cc(123)] NtOpenThread: {Access Denied} A process has requested access to an object, but has not been granted those access rights. (0xc0000022)
[0831/193357.404:ERROR:exception_snapshot_win.cc(98)] thread ID 34524 not found in process
[0831/193357.467:ERROR:process_reader_win.cc(123)] NtOpenThread: {Access Denied} A process has requested access to an object, but has not been granted those access rights. (0xc0000022)
[0831/193357.467:ERROR:exception_snapshot_win.cc(98)] thread ID 808 not found in process
[0831/193426.857:ERROR:process_reader_win.cc(123)] NtOpenThread: {Access Denied} A process has requested access to an object, but has not been granted those access rights. (0xc0000022)
[0831/193426.859:ERROR:exception_snapshot_win.cc(98)] thread ID 32944 not found in process
[0831/193426.898:ERROR:process_reader_win.cc(123)] NtOpenThread: {Access Denied} A process has requested access to an object, but has not been granted those access rights. (0xc0000022)
[0831/193426.898:ERROR:exception_snapshot_win.cc(98)] thread ID 30568 not found in process
[0831/193541.995:ERROR:process_reader_win.cc(151)] SuspendThread: Access is denied. (0x5)
[0831/193541.997:ERROR:process_reader_win.cc(151)] SuspendThread: Access is denied. (0x5)
[0831/193541.997:ERROR:process_reader_win.cc(123)] NtOpenThread: {Access Denied} A process has requested access to an object, but has not been granted those access rights. (0xc0000022)
[0831/193541.998:ERROR:exception_snapshot_win.cc(98)] thread ID 22984 not found in process
[0831/193542.058:ERROR:process_reader_win.cc(123)] NtOpenThread: {Access Denied} A process has requested access to an object, but has not been granted those access rights. (0xc0000022)
[0831/193542.058:ERROR:exception_snapshot_win.cc(98)] thread ID 11900 not found in process
[0831/193705.006:ERROR:process_reader_win.cc(123)] NtOpenThread: {Access Denied} A process has requested access to an object, but has not been granted those access rights. (0xc0000022)
[0831/193705.009:ERROR:exception_snapshot_win.cc(98)] thread ID 28280 not found in process
[0831/193705.064:ERROR:process_reader_win.cc(123)] NtOpenThread: {Access Denied} A process has requested access to an object, but has not been granted those access rights. (0xc0000022)
[0831/193705.064:ERROR:exception_snapshot_win.cc(98)] thread ID 31752 not found in process
[0831/194043.063:ERROR:process_reader_win.cc(123)] NtOpenThread: {Access Denied} A process has requested access to an object, but has not been granted those access rights. (0xc0000022)
[0831/194043.064:ERROR:exception_snapshot_win.cc(98)] thread ID 30936 not found in process
[0831/194043.120:ERROR:process_reader_win.cc(123)] NtOpenThread: {Access Denied} A process has requested access to an object, but has not been granted those access rights. (0xc0000022)
[0831/194043.120:ERROR:exception_snapshot_win.cc(98)] thread ID 19748 not found in process
[0831/194418.749:ERROR:process_reader_win.cc(123)] NtOpenThread: {Access Denied} A process has requested access to an object, but has not been granted those access rights. (0xc0000022)
[0831/194418.752:ERROR:exception_snapshot_win.cc(98)] thread ID 33396 not found in process
[0831/194418.848:ERROR:process_reader_win.cc(123)] NtOpenThread: {Access Denied} A process has requested access to an object, but has not been granted those access rights. (0xc0000022)
[0831/194418.848:ERROR:exception_snapshot_win.cc(98)] thread ID 27248 not found in process
[0831/194521.562:ERROR:process_reader_win.cc(123)] NtOpenThread: {Access Denied} A process has requested access to an object, but has not been granted those access rights. (0xc0000022)
[0831/194521.564:ERROR:exception_snapshot_win.cc(98)] thread ID 32464 not found in process
[0831/194521.607:ERROR:process_reader_win.cc(123)] NtOpenThread: {Access Denied} A process has requested access to an object, but has not been granted those access rights. (0xc0000022)
[0831/194521.607:ERROR:exception_snapshot_win.cc(98)] thread ID 6848 not found in process
[0831/195111.286:ERROR:process_reader_win.cc(123)] NtOpenThread: {Access Denied} A process has requested access to an object, but has not been granted those access rights. (0xc0000022)
[0831/195111.292:ERROR:exception_snapshot_win.cc(98)] thread ID 31836 not found in process
[0831/195111.394:ERROR:process_reader_win.cc(123)] NtOpenThread: {Access Denied} A process has requested access to an object, but has not been granted those access rights. (0xc0000022)
[0831/195111.394:ERROR:exception_snapshot_win.cc(98)] thread ID 5580 not found in process
[0831/195408.626:ERROR:process_reader_win.cc(123)] NtOpenThread: {Access Denied} A process has requested access to an object, but has not been granted those access rights. (0xc0000022)
[0831/195408.627:ERROR:exception_snapshot_win.cc(98)] thread ID 23000 not found in process
[0831/195408.678:ERROR:process_reader_win.cc(123)] NtOpenThread: {Access Denied} A process has requested access to an object, but has not been granted those access rights. (0xc0000022)
[0831/195408.678:ERROR:exception_snapshot_win.cc(98)] thread ID 32980 not found in process
[0831/200002.303:ERROR:process_reader_win.cc(123)] NtOpenThread: {Access Denied} A process has requested access to an object, but has not been granted those access rights. (0xc0000022)
[0831/200002.305:ERROR:exception_snapshot_win.cc(98)] thread ID 26264 not found in process
[0831/200002.366:ERROR:process_reader_win.cc(123)] NtOpenThread: {Access Denied} A process has requested access to an object, but has not been granted those access rights. (0xc0000022)
[0831/200002.366:ERROR:exception_snapshot_win.cc(98)] thread ID 16484 not found in process
[0831/201049.645:ERROR:process_reader_win.cc(123)] NtOpenThread: {Access Denied} A process has requested access to an object, but has not been granted those access rights. (0xc0000022)
[0831/201049.647:ERROR:exception_snapshot_win.cc(98)] thread ID 36016 not found in process
[0831/201049.690:ERROR:process_reader_win.cc(123)] NtOpenThread: {Access Denied} A process has requested access to an object, but has not been granted those access rights. (0xc0000022)
[0831/201049.690:ERROR:exception_snapshot_win.cc(98)] thread ID 16228 not found in process
[0831/201050.806:ERROR:process_reader_win.cc(123)] NtOpenThread: {Access Denied} A process has requested access to an object, but has not been granted those access rights. (0xc0000022)
[0831/201050.809:ERROR:exception_snapshot_win.cc(98)] thread ID 2552 not found in process
[0831/201050.923:ERROR:process_reader_win.cc(123)] NtOpenThread: {Access Denied} A process has requested access to an object, but has not been granted those access rights. (0xc0000022)
[0831/201050.923:ERROR:exception_snapshot_win.cc(98)] thread ID 31528 not found in process
[0831/201323.162:ERROR:process_reader_win.cc(151)] SuspendThread: Access is denied. (0x5)
[0831/201323.165:ERROR:process_reader_win.cc(151)] SuspendThread: Access is denied. (0x5)
[0831/201323.165:ERROR:process_reader_win.cc(151)] SuspendThread: Access is denied. (0x5)
[0831/201323.165:ERROR:process_reader_win.cc(151)] SuspendThread: Access is denied. (0x5)
[0831/201323.166:ERROR:process_reader_win.cc(151)] SuspendThread: Access is denied. (0x5)
[0831/201323.166:ERROR:process_reader_win.cc(123)] NtOpenThread: {Access Denied} A process has requested access to an object, but has not been granted those access rights. (0xc0000022)
[0831/201323.166:ERROR:exception_snapshot_win.cc(98)] thread ID 3196 not found in process
[0831/201323.202:ERROR:process_reader_win.cc(123)] NtOpenThread: {Access Denied} A process has requested access to an object, but has not been granted those access rights. (0xc0000022)
[0831/201323.202:ERROR:exception_snapshot_win.cc(98)] thread ID 22816 not found in process
[0831/201323.300:ERROR:process_reader_win.cc(123)] NtOpenThread: {Access Denied} A process has requested access to an object, but has not been granted those access rights. (0xc0000022)
[0831/201323.300:ERROR:exception_snapshot_win.cc(98)] thread ID 36548 not found in process
[0831/201412.876:ERROR:process_reader_win.cc(123)] NtOpenThread: {Access Denied} A process has requested access to an object, but has not been granted those access rights. (0xc0000022)
[0831/201412.882:ERROR:exception_snapshot_win.cc(98)] thread ID 30332 not found in process
[0831/201412.967:ERROR:process_reader_win.cc(123)] NtOpenThread: {Access Denied} A process has requested access to an object, but has not been granted those access rights. (0xc0000022)
[0831/201412.967:ERROR:exception_snapshot_win.cc(98)] thread ID 34520 not found in process
[0831/201631.969:ERROR:process_reader_win.cc(151)] SuspendThread: Access is denied. (0x5)
[0831/201631.973:ERROR:process_reader_win.cc(151)] SuspendThread: Access is denied. (0x5)
[0831/201631.973:ERROR:process_reader_win.cc(123)] NtOpenThread: {Access Denied} A process has requested access to an object, but has not been granted those access rights. (0xc0000022)
[0831/201631.973:ERROR:exception_snapshot_win.cc(98)] thread ID 36656 not found in process
[0831/201632.037:ERROR:process_reader_win.cc(151)] SuspendThread: Access is denied. (0x5)
[0831/201632.037:ERROR:process_reader_win.cc(151)] SuspendThread: Access is denied. (0x5)
[0831/201632.037:ERROR:process_reader_win.cc(123)] NtOpenThread: {Access Denied} A process has requested access to an object, but has not been granted those access rights. (0xc0000022)
[0831/201632.037:ERROR:exception_snapshot_win.cc(98)] thread ID 33164 not found in process
[0831/201834.025:ERROR:process_reader_win.cc(123)] NtOpenThread: {Access Denied} A process has requested access to an object, but has not been granted those access rights. (0xc0000022)
[0831/201834.031:ERROR:exception_snapshot_win.cc(98)] thread ID 4112 not found in process
[0831/201834.161:ERROR:process_reader_win.cc(151)] SuspendThread: Access is denied. (0x5)
[0831/201834.161:ERROR:process_reader_win.cc(151)] SuspendThread: Access is denied. (0x5)
[0831/201834.162:ERROR:process_reader_win.cc(123)] NtOpenThread: {Access Denied} A process has requested access to an object, but has not been granted those access rights. (0xc0000022)
[0831/201834.162:ERROR:exception_snapshot_win.cc(98)] thread ID 25420 not found in process
[0831/201937.135:ERROR:process_reader_win.cc(123)] NtOpenThread: {Access Denied} A process has requested access to an object, but has not been granted those access rights. (0xc0000022)
[0831/201937.137:ERROR:exception_snapshot_win.cc(98)] thread ID 22020 not found in process
[0831/201937.212:ERROR:process_reader_win.cc(123)] NtOpenThread: {Access Denied} A process has requested access to an object, but has not been granted those access rights. (0xc0000022)
[0831/201937.212:ERROR:exception_snapshot_win.cc(98)] thread ID 35608 not found in process
[0831/202659.198:ERROR:process_reader_win.cc(123)] NtOpenThread: {Access Denied} A process has requested access to an object, but has not been granted those access rights. (0xc0000022)
[0831/202659.202:ERROR:exception_snapshot_win.cc(98)] thread ID 38616 not found in process
[0831/202659.304:ERROR:process_reader_win.cc(151)] SuspendThread: Access is denied. (0x5)
[0831/202659.305:ERROR:process_reader_win.cc(151)] SuspendThread: Access is denied. (0x5)
[0831/202659.305:ERROR:process_reader_win.cc(151)] SuspendThread: Access is denied. (0x5)
[0831/202659.305:ERROR:process_reader_win.cc(123)] NtOpenThread: {Access Denied} A process has requested access to an object, but has not been granted those access rights. (0xc0000022)
[0831/202659.305:ERROR:exception_snapshot_win.cc(98)] thread ID 38384 not found in process
[0831/203501.741:ERROR:process_reader_win.cc(123)] NtOpenThread: {Access Denied} A process has requested access to an object, but has not been granted those access rights. (0xc0000022)
[0831/203501.742:ERROR:exception_snapshot_win.cc(98)] thread ID 36592 not found in process
[0831/203501.778:ERROR:process_reader_win.cc(123)] NtOpenThread: {Access Denied} A process has requested access to an object, but has not been granted those access rights. (0xc0000022)
[0831/203501.778:ERROR:exception_snapshot_win.cc(98)] thread ID 37972 not found in process
[0831/203501.832:ERROR:process_reader_win.cc(123)] NtOpenThread: {Access Denied} A process has requested access to an object, but has not been granted those access rights. (0xc0000022)
[0831/203501.832:ERROR:exception_snapshot_win.cc(98)] thread ID 37656 not found in process
[0831/203734.711:ERROR:process_reader_win.cc(151)] SuspendThread: Access is denied. (0x5)
[0831/203734.713:ERROR:process_reader_win.cc(151)] SuspendThread: Access is denied. (0x5)
[0831/203734.713:ERROR:process_reader_win.cc(123)] NtOpenThread: {Access Denied} A process has requested access to an object, but has not been granted those access rights. (0xc0000022)
[0831/203734.714:ERROR:exception_snapshot_win.cc(98)] thread ID 36592 not found in process
[0831/203734.762:ERROR:process_reader_win.cc(123)] NtOpenThread: {Access Denied} A process has requested access to an object, but has not been granted those access rights. (0xc0000022)
[0831/203734.762:ERROR:exception_snapshot_win.cc(98)] thread ID 12880 not found in process
[0831/204016.597:ERROR:process_reader_win.cc(123)] NtOpenThread: {Access Denied} A process has requested access to an object, but has not been granted those access rights. (0xc0000022)
[0831/204016.600:ERROR:exception_snapshot_win.cc(98)] thread ID 39512 not found in process
[0831/204016.688:ERROR:process_reader_win.cc(123)] NtOpenThread: {Access Denied} A process has requested access to an object, but has not been granted those access rights. (0xc0000022)
[0831/204016.689:ERROR:exception_snapshot_win.cc(98)] thread ID 39576 not found in process
[0831/204017.659:ERROR:process_reader_win.cc(123)] NtOpenThread: {Access Denied} A process has requested access to an object, but has not been granted those access rights. (0xc0000022)
[0831/204017.663:ERROR:exception_snapshot_win.cc(98)] thread ID 39872 not found in process
[0831/204017.746:ERROR:process_reader_win.cc(123)] NtOpenThread: {Access Denied} A process has requested access to an object, but has not been granted those access rights. (0xc0000022)
[0831/204017.746:ERROR:exception_snapshot_win.cc(98)] thread ID 39912 not found in process
[0831/204129.872:ERROR:process_reader_win.cc(123)] NtOpenThread: {Access Denied} A process has requested access to an object, but has not been granted those access rights. (0xc0000022)
[0831/204129.874:ERROR:exception_snapshot_win.cc(98)] thread ID 39476 not found in process
[0831/204129.914:ERROR:process_reader_win.cc(123)] NtOpenThread: {Access Denied} A process has requested access to an object, but has not been granted those access rights. (0xc0000022)
[0831/204129.914:ERROR:exception_snapshot_win.cc(98)] thread ID 39460 not found in process
[0831/204130.052:ERROR:process_reader_win.cc(123)] NtOpenThread: {Access Denied} A process has requested access to an object, but has not been granted those access rights. (0xc0000022)
[0831/204130.052:ERROR:exception_snapshot_win.cc(98)] thread ID 32032 not found in process
[0831/204309.455:ERROR:process_reader_win.cc(151)] SuspendThread: Access is denied. (0x5)
[0831/204309.457:ERROR:process_reader_win.cc(151)] SuspendThread: Access is denied. (0x5)
[0831/204309.457:ERROR:process_reader_win.cc(123)] NtOpenThread: {Access Denied} A process has requested access to an object, but has not been granted those access rights. (0xc0000022)
[0831/204309.458:ERROR:exception_snapshot_win.cc(98)] thread ID 40816 not found in process
[0831/204309.520:ERROR:process_reader_win.cc(123)] NtOpenThread: {Access Denied} A process has requested access to an object, but has not been granted those access rights. (0xc0000022)
[0831/204309.520:ERROR:exception_snapshot_win.cc(98)] thread ID 40824 not found in process
[0831/204310.609:ERROR:process_reader_win.cc(151)] SuspendThread: Access is denied. (0x5)
[0831/204310.611:ERROR:process_reader_win.cc(151)] SuspendThread: Access is denied. (0x5)
[0831/204310.611:ERROR:process_reader_win.cc(123)] NtOpenThread: {Access Denied} A process has requested access to an object, but has not been granted those access rights. (0xc0000022)
[0831/204310.611:ERROR:exception_snapshot_win.cc(98)] thread ID 15648 not found in process
[0831/204310.661:ERROR:process_reader_win.cc(151)] SuspendThread: Access is denied. (0x5)
[0831/204310.661:ERROR:process_reader_win.cc(151)] SuspendThread: Access is denied. (0x5)
[0831/204310.661:ERROR:process_reader_win.cc(123)] NtOpenThread: {Access Denied} A process has requested access to an object, but has not been granted those access rights. (0xc0000022)
[0831/204310.661:ERROR:exception_snapshot_win.cc(98)] thread ID 38816 not found in process
[0831/204629.463:ERROR:process_reader_win.cc(123)] NtOpenThread: {Access Denied} A process has requested access to an object, but has not been granted those access rights. (0xc0000022)
[0831/204629.465:ERROR:exception_snapshot_win.cc(98)] thread ID 36932 not found in process
[0831/204629.542:ERROR:process_reader_win.cc(123)] NtOpenThread: {Access Denied} A process has requested access to an object, but has not been granted those access rights. (0xc0000022)
[0831/204629.543:ERROR:exception_snapshot_win.cc(98)] thread ID 35852 not found in process
[0831/204721.666:ERROR:process_reader_win.cc(123)] NtOpenThread: {Access Denied} A process has requested access to an object, but has not been granted those access rights. (0xc0000022)
[0831/204721.668:ERROR:exception_snapshot_win.cc(98)] thread ID 13260 not found in process
[0831/204721.749:ERROR:process_reader_win.cc(123)] NtOpenThread: {Access Denied} A process has requested access to an object, but has not been granted those access rights. (0xc0000022)
[0831/204721.750:ERROR:exception_snapshot_win.cc(98)] thread ID 20460 not found in process
[0831/204721.829:ERROR:process_reader_win.cc(123)] NtOpenThread: {Access Denied} A process has requested access to an object, but has not been granted those access rights. (0xc0000022)
[0831/204721.829:ERROR:exception_snapshot_win.cc(98)] thread ID 25384 not found in process
[0831/204752.751:ERROR:process_reader_win.cc(123)] NtOpenThread: {Access Denied} A process has requested access to an object, but has not been granted those access rights. (0xc0000022)
[0831/204752.751:ERROR:exception_snapshot_win.cc(98)] thread ID 33900 not found in process
[0831/204752.798:ERROR:process_reader_win.cc(123)] NtOpenThread: {Access Denied} A process has requested access to an object, but has not been granted those access rights. (0xc0000022)
[0831/204752.798:ERROR:exception_snapshot_win.cc(98)] thread ID 13300 not found in process
[0831/204822.185:ERROR:process_reader_win.cc(123)] NtOpenThread: {Access Denied} A process has requested access to an object, but has not been granted those access rights. (0xc0000022)
[0831/204822.185:ERROR:exception_snapshot_win.cc(98)] thread ID 37900 not found in process
[0831/204822.246:ERROR:process_reader_win.cc(123)] NtOpenThread: {Access Denied} A process has requested access to an object, but has not been granted those access rights. (0xc0000022)
[0831/204822.246:ERROR:exception_snapshot_win.cc(98)] thread ID 38532 not found in process
[0831/204931.515:ERROR:process_reader_win.cc(123)] NtOpenThread: {Access Denied} A process has requested access to an object, but has not been granted those access rights. (0xc0000022)
[0831/204931.516:ERROR:exception_snapshot_win.cc(98)] thread ID 35964 not found in process
[0831/204931.544:ERROR:process_reader_win.cc(123)] NtOpenThread: {Access Denied} A process has requested access to an object, but has not been granted those access rights. (0xc0000022)
[0831/204931.544:ERROR:exception_snapshot_win.cc(98)] thread ID 36840 not found in process
[0831/204931.628:ERROR:process_reader_win.cc(123)] NtOpenThread: {Access Denied} A process has requested access to an object, but has not been granted those access rights. (0xc0000022)
[0831/204931.628:ERROR:exception_snapshot_win.cc(98)] thread ID 34972 not found in process
[0831/205014.268:ERROR:process_reader_win.cc(123)] NtOpenThread: {Access Denied} A process has requested access to an object, but has not been granted those access rights. (0xc0000022)
[0831/205014.269:ERROR:exception_snapshot_win.cc(98)] thread ID 37724 not found in process
[0831/205014.353:ERROR:process_reader_win.cc(123)] NtOpenThread: {Access Denied} A process has requested access to an object, but has not been granted those access rights. (0xc0000022)
[0831/205014.353:ERROR:exception_snapshot_win.cc(98)] thread ID 38036 not found in process
[0831/205137.976:ERROR:process_reader_win.cc(151)] SuspendThread: Access is denied. (0x5)
[0831/205137.977:ERROR:process_reader_win.cc(151)] SuspendThread: Access is denied. (0x5)
[0831/205137.977:ERROR:process_reader_win.cc(123)] NtOpenThread: {Access Denied} A process has requested access to an object, but has not been granted those access rights. (0xc0000022)
[0831/205137.977:ERROR:exception_snapshot_win.cc(98)] thread ID 41348 not found in process
[0831/205138.036:ERROR:process_reader_win.cc(151)] SuspendThread: Access is denied. (0x5)
[0831/205138.036:ERROR:process_reader_win.cc(123)] NtOpenThread: {Access Denied} A process has requested access to an object, but has not been granted those access rights. (0xc0000022)
[0831/205138.036:ERROR:exception_snapshot_win.cc(98)] thread ID 41872 not found in process
[0831/205215.033:ERROR:process_reader_win.cc(123)] NtOpenThread: {Access Denied} A process has requested access to an object, but has not been granted those access rights. (0xc0000022)
[0831/205215.034:ERROR:exception_snapshot_win.cc(98)] thread ID 1824 not found in process
[0831/205215.091:ERROR:process_reader_win.cc(123)] NtOpenThread: {Access Denied} A process has requested access to an object, but has not been granted those access rights. (0xc0000022)
[0831/205215.091:ERROR:exception_snapshot_win.cc(98)] thread ID 40936 not found in process
[0831/205553.341:ERROR:process_reader_win.cc(123)] NtOpenThread: {Access Denied} A process has requested access to an object, but has not been granted those access rights. (0xc0000022)
[0831/205553.344:ERROR:exception_snapshot_win.cc(98)] thread ID 18000 not found in process
[0831/205553.391:ERROR:process_reader_win.cc(123)] NtOpenThread: {Access Denied} A process has requested access to an object, but has not been granted those access rights. (0xc0000022)
[0831/205553.391:ERROR:exception_snapshot_win.cc(98)] thread ID 38396 not found in process
[0831/205754.729:ERROR:process_reader_win.cc(123)] NtOpenThread: {Access Denied} A process has requested access to an object, but has not been granted those access rights. (0xc0000022)
[0831/205754.730:ERROR:exception_snapshot_win.cc(98)] thread ID 32516 not found in process
[0831/205754.773:ERROR:process_reader_win.cc(123)] NtOpenThread: {Access Denied} A process has requested access to an object, but has not been granted those access rights. (0xc0000022)
[0831/205754.773:ERROR:exception_snapshot_win.cc(98)] thread ID 40972 not found in process
[0831/205912.605:ERROR:process_reader_win.cc(123)] NtOpenThread: {Access Denied} A process has requested access to an object, but has not been granted those access rights. (0xc0000022)
[0831/205912.608:ERROR:exception_snapshot_win.cc(98)] thread ID 41196 not found in process
[0831/205912.663:ERROR:process_reader_win.cc(123)] NtOpenThread: {Access Denied} A process has requested access to an object, but has not been granted those access rights. (0xc0000022)
[0831/205912.663:ERROR:exception_snapshot_win.cc(98)] thread ID 40736 not found in process
[0831/210337.512:ERROR:process_reader_win.cc(123)] NtOpenThread: {Access Denied} A process has requested access to an object, but has not been granted those access rights. (0xc0000022)
[0831/210337.514:ERROR:exception_snapshot_win.cc(98)] thread ID 37740 not found in process
[0831/210337.556:ERROR:process_reader_win.cc(123)] NtOpenThread: {Access Denied} A process has requested access to an object, but has not been granted those access rights. (0xc0000022)
[0831/210337.556:ERROR:exception_snapshot_win.cc(98)] thread ID 27696 not found in process
[0831/210337.617:ERROR:process_reader_win.cc(123)] NtOpenThread: {Access Denied} A process has requested access to an object, but has not been granted those access rights. (0xc0000022)
[0831/210337.617:ERROR:exception_snapshot_win.cc(98)] thread ID 10488 not found in process
[0831/210732.049:ERROR:process_reader_win.cc(123)] NtOpenThread: {Access Denied} A process has requested access to an object, but has not been granted those access rights. (0xc0000022)
[0831/210732.051:ERROR:exception_snapshot_win.cc(98)] thread ID 34940 not found in process
[0831/210732.093:ERROR:process_reader_win.cc(123)] NtOpenThread: {Access Denied} A process has requested access to an object, but has not been granted those access rights. (0xc0000022)
[0831/210732.093:ERROR:exception_snapshot_win.cc(98)] thread ID 40068 not found in process
[0901/084942.840:ERROR:process_reader_win.cc(123)] NtOpenThread: {Access Denied} A process has requested access to an object, but has not been granted those access rights. (0xc0000022)
[0901/084942.844:ERROR:exception_snapshot_win.cc(98)] thread ID 16216 not found in process
[0901/084942.927:ERROR:process_reader_win.cc(123)] NtOpenThread: {Access Denied} A process has requested access to an object, but has not been granted those access rights. (0xc0000022)
[0901/084942.927:ERROR:exception_snapshot_win.cc(98)] thread ID 15340 not found in process
[0901/123830.407:ERROR:process_reader_win.cc(151)] SuspendThread: Access is denied. (0x5)
[0901/123830.411:ERROR:process_reader_win.cc(151)] SuspendThread: Access is denied. (0x5)
[0901/123830.411:ERROR:process_reader_win.cc(123)] NtOpenThread: {Access Denied} A process has requested access to an object, but has not been granted those access rights. (0xc0000022)
[0901/123830.413:ERROR:exception_snapshot_win.cc(98)] thread ID 604 not found in process
[0901/123830.602:ERROR:process_reader_win.cc(151)] SuspendThread: Access is denied. (0x5)
[0901/123830.602:ERROR:process_reader_win.cc(151)] SuspendThread: Access is denied. (0x5)
[0901/123830.602:ERROR:process_reader_win.cc(151)] SuspendThread: Access is denied. (0x5)
[0901/123830.602:ERROR:process_reader_win.cc(151)] SuspendThread: Access is denied. (0x5)
[0901/123830.602:ERROR:process_reader_win.cc(123)] NtOpenThread: {Access Denied} A process has requested access to an object, but has not been granted those access rights. (0xc0000022)
[0901/123830.602:ERROR:exception_snapshot_win.cc(98)] thread ID 3948 not found in process
[0903/114938.497:ERROR:process_reader_win.cc(151)] SuspendThread: Access is denied. (0x5)
[0903/114938.502:ERROR:process_reader_win.cc(151)] SuspendThread: Access is denied. (0x5)
[0903/114938.502:ERROR:process_reader_win.cc(123)] NtOpenThread: {Access Denied} A process has requested access to an object, but has not been granted those access rights. (0xc0000022)
[0903/114938.504:ERROR:exception_snapshot_win.cc(99)] thread ID 31440 not found in process
[0903/114938.641:ERROR:process_reader_win.cc(151)] SuspendThread: Access is denied. (0x5)
[0903/114938.642:ERROR:process_reader_win.cc(151)] SuspendThread: Access is denied. (0x5)
[0903/114938.642:ERROR:process_reader_win.cc(151)] SuspendThread: Access is denied. (0x5)
[0903/114938.642:ERROR:process_reader_win.cc(123)] NtOpenThread: {Access Denied} A process has requested access to an object, but has not been granted those access rights. (0xc0000022)
[0903/114938.642:ERROR:exception_snapshot_win.cc(99)] thread ID 23104 not found in process
[0903/114944.690:ERROR:process_reader_win.cc(151)] SuspendThread: Access is denied. (0x5)
[0903/114944.690:ERROR:process_reader_win.cc(123)] NtOpenThread: {Access Denied} A process has requested access to an object, but has not been granted those access rights. (0xc0000022)
[0903/114944.691:ERROR:exception_snapshot_win.cc(99)] thread ID 12816 not found in process
[0903/115719.865:ERROR:process_reader_win.cc(151)] SuspendThread: Access is denied. (0x5)
[0903/115719.869:ERROR:process_reader_win.cc(151)] SuspendThread: Access is denied. (0x5)
[0903/115719.869:ERROR:process_reader_win.cc(151)] SuspendThread: Access is denied. (0x5)
[0903/115719.869:ERROR:process_reader_win.cc(151)] SuspendThread: Access is denied. (0x5)
[0903/115719.869:ERROR:process_reader_win.cc(151)] SuspendThread: Access is denied. (0x5)
[0903/115719.869:ERROR:process_reader_win.cc(151)] SuspendThread: Access is denied. (0x5)
[0903/115719.925:ERROR:process_reader_win.cc(151)] SuspendThread: Access is denied. (0x5)
[0903/115719.925:ERROR:process_reader_win.cc(123)] NtOpenThread: {Access Denied} A process has requested access to an object, but has not been granted those access rights. (0xc0000022)
[0903/115719.927:ERROR:exception_snapshot_win.cc(99)] thread ID 12312 not found in process
[0903/115720.021:ERROR:process_reader_win.cc(151)] SuspendThread: Access is denied. (0x5)
[0903/115720.021:ERROR:process_reader_win.cc(151)] SuspendThread: Access is denied. (0x5)
[0903/115720.021:ERROR:process_reader_win.cc(123)] NtOpenThread: {Access Denied} A process has requested access to an object, but has not been granted those access rights. (0xc0000022)
[0903/115720.022:ERROR:exception_snapshot_win.cc(99)] thread ID 2524 not found in process
[0903/190149.029:ERROR:process_reader_win.cc(123)] NtOpenThread: {Access Denied} A process has requested access to an object, but has not been granted those access rights. (0xc0000022)
[0903/190149.031:ERROR:exception_snapshot_win.cc(99)] thread ID 28216 not found in process
[0903/190149.201:ERROR:process_reader_win.cc(123)] NtOpenThread: {Access Denied} A process has requested access to an object, but has not been granted those access rights. (0xc0000022)
[0903/190149.201:ERROR:exception_snapshot_win.cc(99)] thread ID 20392 not found in process
[0903/190149.276:ERROR:process_reader_win.cc(123)] NtOpenThread: {Access Denied} A process has requested access to an object, but has not been granted those access rights. (0xc0000022)
[0903/190149.277:ERROR:exception_snapshot_win.cc(99)] thread ID 24948 not found in process
[0903/190817.207:ERROR:process_reader_win.cc(123)] NtOpenThread: {Access Denied} A process has requested access to an object, but has not been granted those access rights. (0xc0000022)
[0903/190817.208:ERROR:exception_snapshot_win.cc(99)] thread ID 20452 not found in process
[0903/190817.290:ERROR:process_reader_win.cc(123)] NtOpenThread: {Access Denied} A process has requested access to an object, but has not been granted those access rights. (0xc0000022)
[0903/190817.290:ERROR:exception_snapshot_win.cc(99)] thread ID 3064 not found in process
[0903/193629.129:ERROR:process_reader_win.cc(123)] NtOpenThread: {Access Denied} A process has requested access to an object, but has not been granted those access rights. (0xc0000022)
[0903/193629.131:ERROR:exception_snapshot_win.cc(99)] thread ID 29928 not found in process
[0903/193629.201:ERROR:process_reader_win.cc(123)] NtOpenThread: {Access Denied} A process has requested access to an object, but has not been granted those access rights. (0xc0000022)
[0903/193629.201:ERROR:exception_snapshot_win.cc(99)] thread ID 7892 not found in process
[0903/193849.014:ERROR:process_reader_win.cc(151)] SuspendThread: Access is denied. (0x5)
[0903/193849.016:ERROR:process_reader_win.cc(151)] SuspendThread: Access is denied. (0x5)
[0903/193849.016:ERROR:process_reader_win.cc(151)] SuspendThread: Access is denied. (0x5)
[0903/193849.016:ERROR:process_reader_win.cc(151)] SuspendThread: Access is denied. (0x5)
[0903/193849.017:ERROR:process_reader_win.cc(151)] SuspendThread: Access is denied. (0x5)
[0903/193849.017:ERROR:process_reader_win.cc(151)] SuspendThread: Access is denied. (0x5)
[0903/193849.017:ERROR:process_reader_win.cc(151)] SuspendThread: Access is denied. (0x5)
[0903/193849.017:ERROR:process_reader_win.cc(151)] SuspendThread: Access is denied. (0x5)
[0903/193849.017:ERROR:process_reader_win.cc(151)] SuspendThread: Access is denied. (0x5)
[0903/193849.017:ERROR:process_reader_win.cc(151)] SuspendThread: Access is denied. (0x5)
[0903/193849.017:ERROR:process_reader_win.cc(123)] NtOpenThread: {Access Denied} A process has requested access to an object, but has not been granted those access rights. (0xc0000022)
[0903/193849.017:ERROR:exception_snapshot_win.cc(99)] thread ID 26984 not found in process
[0903/193849.077:ERROR:process_reader_win.cc(151)] SuspendThread: Access is denied. (0x5)
[0903/193849.077:ERROR:process_reader_win.cc(151)] SuspendThread: Access is denied. (0x5)
[0903/193849.077:ERROR:process_reader_win.cc(123)] NtOpenThread: {Access Denied} A process has requested access to an object, but has not been granted those access rights. (0xc0000022)
[0903/193849.077:ERROR:exception_snapshot_win.cc(99)] thread ID 15612 not found in process
[0903/193849.151:ERROR:process_reader_win.cc(151)] SuspendThread: Access is denied. (0x5)
[0903/193849.151:ERROR:process_reader_win.cc(151)] SuspendThread: Access is denied. (0x5)
[0903/193849.151:ERROR:process_reader_win.cc(151)] SuspendThread: Access is denied. (0x5)
[0903/193849.151:ERROR:process_reader_win.cc(151)] SuspendThread: Access is denied. (0x5)
[0903/193849.151:ERROR:process_reader_win.cc(123)] NtOpenThread: {Access Denied} A process has requested access to an object, but has not been granted those access rights. (0xc0000022)
[0903/193849.151:ERROR:exception_snapshot_win.cc(99)] thread ID 23420 not found in process
[0903/193909.559:ERROR:process_reader_win.cc(123)] NtOpenThread: {Access Denied} A process has requested access to an object, but has not been granted those access rights. (0xc0000022)
[0903/193909.561:ERROR:exception_snapshot_win.cc(99)] thread ID 25492 not found in process
[0903/193909.632:ERROR:process_reader_win.cc(123)] NtOpenThread: {Access Denied} A process has requested access to an object, but has not been granted those access rights. (0xc0000022)
[0903/193909.632:ERROR:exception_snapshot_win.cc(99)] thread ID 21076 not found in process
[0903/194142.153:ERROR:process_reader_win.cc(123)] NtOpenThread: {Access Denied} A process has requested access to an object, but has not been granted those access rights. (0xc0000022)
[0903/194142.156:ERROR:exception_snapshot_win.cc(99)] thread ID 27568 not found in process
[0903/194142.214:ERROR:process_reader_win.cc(123)] NtOpenThread: {Access Denied} A process has requested access to an object, but has not been granted those access rights. (0xc0000022)
[0903/194142.214:ERROR:exception_snapshot_win.cc(99)] thread ID 13504 not found in process
[0903/194909.289:ERROR:process_reader_win.cc(123)] NtOpenThread: {Access Denied} A process has requested access to an object, but has not been granted those access rights. (0xc0000022)
[0903/194909.290:ERROR:exception_snapshot_win.cc(99)] thread ID 18012 not found in process
[0903/194909.346:ERROR:process_reader_win.cc(123)] NtOpenThread: {Access Denied} A process has requested access to an object, but has not been granted those access rights. (0xc0000022)
[0903/194909.346:ERROR:exception_snapshot_win.cc(99)] thread ID 11904 not found in process
[0903/195118.351:ERROR:process_reader_win.cc(123)] NtOpenThread: {Access Denied} A process has requested access to an object, but has not been granted those access rights. (0xc0000022)
[0903/195118.352:ERROR:exception_snapshot_win.cc(99)] thread ID 12040 not found in process
[0903/195118.421:ERROR:process_reader_win.cc(123)] NtOpenThread: {Access Denied} A process has requested access to an object, but has not been granted those access rights. (0xc0000022)
[0903/195118.422:ERROR:exception_snapshot_win.cc(99)] thread ID 18508 not found in process
[0903/195343.534:ERROR:process_reader_win.cc(123)] NtOpenThread: {Access Denied} A process has requested access to an object, but has not been granted those access rights. (0xc0000022)
[0903/195343.534:ERROR:exception_snapshot_win.cc(99)] thread ID 27676 not found in process
[0903/195343.584:ERROR:process_reader_win.cc(123)] NtOpenThread: {Access Denied} A process has requested access to an object, but has not been granted those access rights. (0xc0000022)
[0903/195343.585:ERROR:exception_snapshot_win.cc(99)] thread ID 29824 not found in process
[0903/200311.904:ERROR:process_reader_win.cc(123)] NtOpenThread: {Access Denied} A process has requested access to an object, but has not been granted those access rights. (0xc0000022)
[0903/200311.908:ERROR:exception_snapshot_win.cc(99)] thread ID 28140 not found in process
[0903/200311.964:ERROR:process_reader_win.cc(123)] NtOpenThread: {Access Denied} A process has requested access to an object, but has not been granted those access rights. (0xc0000022)
[0903/200311.964:ERROR:exception_snapshot_win.cc(99)] thread ID 17604 not found in process
[0903/205250.932:ERROR:process_reader_win.cc(123)] NtOpenThread: {Access Denied} A process has requested access to an object, but has not been granted those access rights. (0xc0000022)
[0903/205250.936:ERROR:exception_snapshot_win.cc(99)] thread ID 21988 not found in process
[0903/205251.007:ERROR:process_reader_win.cc(123)] NtOpenThread: {Access Denied} A process has requested access to an object, but has not been granted those access rights. (0xc0000022)
[0903/205251.007:ERROR:exception_snapshot_win.cc(99)] thread ID 11076 not found in process
